[debug] [2020-08-16T21:33:18.733Z] ----------------------------------------------------------------------
[debug] [2020-08-16T21:33:18.736Z] Command:       /Users/ieric/.nvm/versions/node/v8.17.0/bin/node /Users/ieric/.nvm/versions/node/v8.17.0/bin/firebase functions:shell
[debug] [2020-08-16T21:33:18.736Z] CLI Version:   8.7.0
[debug] [2020-08-16T21:33:18.736Z] Platform:      darwin
[debug] [2020-08-16T21:33:18.736Z] Node Version:  v8.17.0
[debug] [2020-08-16T21:33:18.738Z] Time:          Sun Aug 16 2020 17:33:18 GMT-0400 (EDT)
[debug] [2020-08-16T21:33:18.738Z] ----------------------------------------------------------------------
[debug] [2020-08-16T21:33:18.738Z] 
[debug] [2020-08-16T21:33:18.753Z] > command requires scopes: ["email","openid","https://www.googleapis.com/auth/cloudplatformprojects.readonly","https://www.googleapis.com/auth/firebase","https://www.googleapis.com/auth/cloud-platform"]
[debug] [2020-08-16T21:33:18.753Z] > authorizing via signed-in user
[debug] [2020-08-16T21:33:18.753Z] [iam] checking project runway-manager for permissions ["firebase.projects.get"]
[debug] [2020-08-16T21:33:18.757Z] > refreshing access token with scopes: ["email","https://www.googleapis.com/auth/cloud-platform","https://www.googleapis.com/auth/cloudplatformprojects.readonly","https://www.googleapis.com/auth/firebase","openid"]
[debug] [2020-08-16T21:33:18.757Z] >>> HTTP REQUEST POST https://www.googleapis.com/oauth2/v3/token  
 <request body omitted>
[debug] [2020-08-16T21:33:18.961Z] <<< HTTP RESPONSE 200 {"content-type":"application/json; charset=utf-8","vary":"X-Origin, Referer, Origin,Accept-Encoding","date":"Sun, 16 Aug 2020 21:33:18 GMT","server":"scaffolding on HTTPServer2","cache-control":"private","x-xss-protection":"0","x-frame-options":"SAMEORIGIN","x-content-type-options":"nosniff","alt-svc":"h3-29=\":443\"; ma=2592000,h3-27=\":443\"; ma=2592000,h3-T050=\":443\"; ma=2592000,h3-Q050=\":443\"; ma=2592000,h3-Q046=\":443\"; ma=2592000,h3-Q043=\":443\"; ma=2592000,quic=\":443\"; ma=2592000; v=\"46,43\"","accept-ranges":"none","transfer-encoding":"chunked"}
[debug] [2020-08-16T21:33:18.978Z] >>> HTTP REQUEST POST https://cloudresourcemanager.googleapis.com/v1/projects/runway-manager:testIamPermissions  
 {"permissions":["firebase.projects.get"]}
[debug] [2020-08-16T21:33:19.843Z] <<< HTTP RESPONSE 200 {"content-type":"application/json; charset=UTF-8","vary":"X-Origin, Referer, Origin,Accept-Encoding","date":"Sun, 16 Aug 2020 21:33:19 GMT","server":"ESF","cache-control":"private","x-xss-protection":"0","x-frame-options":"SAMEORIGIN","x-content-type-options":"nosniff","server-timing":"gfet4t7; dur=260","alt-svc":"h3-29=\":443\"; ma=2592000,h3-27=\":443\"; ma=2592000,h3-T050=\":443\"; ma=2592000,h3-Q050=\":443\"; ma=2592000,h3-Q046=\":443\"; ma=2592000,h3-Q043=\":443\"; ma=2592000,quic=\":443\"; ma=2592000; v=\"46,43\"","accept-ranges":"none","transfer-encoding":"chunked"}
[debug] [2020-08-16T21:33:19.844Z] [iam] error while checking permissions, command may fail: FirebaseError: Authorization failed. This account is missing the following required permissions on project runway-manager:

  firebase.projects.get
[debug] [2020-08-16T21:33:19.855Z] [functions] Using node@8 from host.
[debug] [2020-08-16T21:33:19.863Z] [functions] Watching "/Users/ieric/Eric/runway_manager/functions" for Cloud Functions...
[debug] [2020-08-16T21:33:19.870Z] DEBUG: [worker-pool] addWorker(~diagnostic~)
[debug] [2020-08-16T21:33:19.870Z] DEBUG: [worker-pool] Adding worker with key ~diagnostic~, total=1
[debug] [2020-08-16T21:33:19.870Z] DEBUG: [worker-pool] submitWork(triggerId=)
[debug] [2020-08-16T21:33:19.870Z] DEBUG: [worker-~diagnostic~-efa81459-ab23-4a80-894e-818f6e490c88]: Assigning socketPath: /var/folders/6b/6j2cq_2j7hb3sqqv2llshgrh0000gn/T/fire_emu_74299.sock
[debug] [2020-08-16T21:33:19.871Z] DEBUG: [worker-~diagnostic~-efa81459-ab23-4a80-894e-818f6e490c88]: BUSY
[debug] [2020-08-16T21:33:20.215Z] DEBUG: [runtime-status] [74299] Functions runtime initialized. {"cwd":"/Users/ieric/Eric/runway_manager/functions","node_version":"8.17.0"}
[debug] [2020-08-16T21:33:20.216Z] DEBUG: [runtime-status] [74299] Disabled runtime features: undefined
[debug] [2020-08-16T21:33:20.217Z] DEBUG: [runtime-status] [74299] Resolved module firebase-admin {"declared":true,"installed":true,"version":"8.13.0","resolution":"/Users/ieric/Eric/runway_manager/functions/node_modules/firebase-admin/lib/index.js"}
[debug] [2020-08-16T21:33:20.218Z] DEBUG: [runtime-status] [74299] Resolved module firebase-functions {"declared":true,"installed":true,"version":"3.9.0","resolution":"/Users/ieric/Eric/runway_manager/functions/node_modules/firebase-functions/lib/index.js"}
[debug] [2020-08-16T21:33:20.220Z] DEBUG: [runtime-status] [74299] Resolved module firebase-functions {"declared":true,"installed":true,"version":"3.9.0","resolution":"/Users/ieric/Eric/runway_manager/functions/node_modules/firebase-functions/lib/index.js"}
[debug] [2020-08-16T21:33:20.224Z] DEBUG: [runtime-status] [74299] Outgoing network have been stubbed. [{"name":"http","status":"mocked"},{"name":"http","status":"mocked"},{"name":"https","status":"mocked"},{"name":"https","status":"mocked"},{"name":"net","status":"mocked"}]
[debug] [2020-08-16T21:33:20.225Z] DEBUG: [runtime-status] [74299] Resolved module firebase-functions {"declared":true,"installed":true,"version":"3.9.0","resolution":"/Users/ieric/Eric/runway_manager/functions/node_modules/firebase-functions/lib/index.js"}
[debug] [2020-08-16T21:33:20.282Z] DEBUG: [runtime-status] [74299] Checked functions.config() {"config":{}}
[debug] [2020-08-16T21:33:20.282Z] DEBUG: [runtime-status] [74299] firebase-functions has been stubbed. {"functionsResolution":{"declared":true,"installed":true,"version":"3.9.0","resolution":"/Users/ieric/Eric/runway_manager/functions/node_modules/firebase-functions/lib/index.js"}}
[debug] [2020-08-16T21:33:20.283Z] DEBUG: [runtime-status] [74299] Resolved module firebase-functions {"declared":true,"installed":true,"version":"3.9.0","resolution":"/Users/ieric/Eric/runway_manager/functions/node_modules/firebase-functions/lib/index.js"}
[debug] [2020-08-16T21:33:20.283Z] DEBUG: [runtime-status] [74299] Resolved module firebase-admin {"declared":true,"installed":true,"version":"8.13.0","resolution":"/Users/ieric/Eric/runway_manager/functions/node_modules/firebase-admin/lib/index.js"}
[debug] [2020-08-16T21:33:20.285Z] DEBUG: [runtime-status] [74299] Resolved module firebase-functions {"declared":true,"installed":true,"version":"3.9.0","resolution":"/Users/ieric/Eric/runway_manager/functions/node_modules/firebase-functions/lib/index.js"}
[debug] [2020-08-16T21:33:20.294Z] DEBUG: [runtime-status] [74299] firebase-admin has been stubbed. {"adminResolution":{"declared":true,"installed":true,"version":"8.13.0","resolution":"/Users/ieric/Eric/runway_manager/functions/node_modules/firebase-admin/lib/index.js"}}
[debug] [2020-08-16T21:33:20.794Z] [functions[app]] http function initialized (http://localhost:5000/runway-manager/us-central1/app).
[info] i  functions: Loaded functions: app 
[warn] ⚠  functions: The following emulators are not running, calls to these services will affect production: firestore, database, pubsub 
[debug] [2020-08-16T21:33:20.800Z] DEBUG: [worker-~diagnostic~-efa81459-ab23-4a80-894e-818f6e490c88]: IDLE
[info] >  plaid-quickstart server listening on port 8000 {"user":"plaid-quickstart server listening on port 8000","metadata":{"emulator":{"name":"functions"},"message":"\u001b[90m> \u001b[39m plaid-quickstart server listening on port 8000"}}
